\BOOKMARK [1][-]{section.1}{Introduction}{}% 1
\BOOKMARK [1][-]{section.2}{Related Work}{}% 2
\BOOKMARK [2][-]{subsection.2.1}{Neural Network Verification}{section.2}% 3
\BOOKMARK [2][-]{subsection.2.2}{Neural Network Repair}{section.2}% 4
\BOOKMARK [2][-]{subsection.2.3}{Control Barrier Functions}{section.2}% 5
\BOOKMARK [1][-]{section.3}{Related Work}{}% 6
\BOOKMARK [2][-]{subsection.3.1}{Neural Network Verification}{section.3}% 7
\BOOKMARK [2][-]{subsection.3.2}{Neural CBF Verification and Repair}{section.3}% 8
\BOOKMARK [2][-]{subsection.3.3}{Constrained Optimization for Neural Networks}{section.3}% 9
\BOOKMARK [1][-]{section.4}{Preliminaries and Problem Formulation}{}% 10
\BOOKMARK [2][-]{subsection.4.1}{Control Barrier Functions}{section.4}% 11
\BOOKMARK [2][-]{subsection.4.2}{CROWN Linearization for Neural Network CBFs}{section.4}% 12
\BOOKMARK [2][-]{subsection.4.3}{McCormick Relaxations for Product Bounds}{section.4}% 13
\BOOKMARK [1][-]{section.5}{Theoretical Framework}{}% 14
\BOOKMARK [2][-]{subsection.5.1}{CBF Verification Over Simplicial Regions}{section.5}% 15
\BOOKMARK [2][-]{subsection.5.2}{Randomized Smoothing Jacobian Estimator}{section.5}% 16
\BOOKMARK [1][-]{section.6}{Constrained Gradient Optimization via QP Projection}{}% 17
\BOOKMARK [2][-]{subsection.6.1}{The Repair Loss Function}{section.6}% 18
\BOOKMARK [2][-]{subsection.6.2}{QP Constraint Projection}{section.6}% 19
\BOOKMARK [1][-]{section.7}{Progressive Depth Phased Repair Algorithm}{}% 20
\BOOKMARK [2][-]{subsection.7.1}{Classification of Verification Failures}{section.7}% 21
\BOOKMARK [2][-]{subsection.7.2}{Two-Phase Repair Strategy}{section.7}% 22
\BOOKMARK [2][-]{subsection.7.3}{Stopping Criteria}{section.7}% 23
\BOOKMARK [1][-]{section.8}{Experiments}{}% 24
\BOOKMARK [2][-]{subsection.8.1}{Experimental Setup}{section.8}% 25
\BOOKMARK [2][-]{subsection.8.2}{Baselines}{section.8}% 26
\BOOKMARK [2][-]{subsection.8.3}{Metrics}{section.8}% 27
\BOOKMARK [2][-]{subsection.8.4}{Results}{section.8}% 28
\BOOKMARK [2][-]{subsection.8.5}{Ablation Study}{section.8}% 29
\BOOKMARK [1][-]{section.9}{Conclusion}{}% 30
\BOOKMARK [2][-]{subsection.9.1}{Limitations and Future Work}{section.9}% 31
\BOOKMARK [1][-]{appendix.A}{Proofs}{}% 32
\BOOKMARK [2][-]{subsection.A.1}{Proof of Lemma: QP Dual Problem}{appendix.A}% 33
\BOOKMARK [2][-]{subsection.A.2}{Proof of Property: Constraint Satisfaction}{appendix.A}% 34
\BOOKMARK [2][-]{subsection.A.3}{Proof of Property: Descent Property}{appendix.A}% 35
\BOOKMARK [1][-]{appendix.B}{Additional Experimental Details}{}% 36
\BOOKMARK [2][-]{subsection.B.1}{Dataset and System Definitions}{appendix.B}% 37
\BOOKMARK [2][-]{subsection.B.2}{Hyperparameters}{appendix.B}% 38
